#
# There is insufficient memory for the Java Runtime Environment to continue.
# Native memory allocation (mmap) failed to map 134217728 bytes for Failed to commit area from 0x0000000081c00000 to 0x0000000089c00000 of length 134217728.
# Possible reasons:
#   The system is out of physical RAM or swap space
#   The process is running with CompressedOops enabled, and the Java Heap may be blocking the growth of the native heap
# Possible solutions:
#   Reduce memory load on the system
#   Increase physical memory or swap space
#   Check if swap backing store is full
#   Decrease Java heap size (-Xmx/-Xms)
#   Decrease number of Java threads
#   Decrease Java thread stack sizes (-Xss)
#   Set larger code cache with -XX:ReservedCodeCacheSize=
# This output file may be truncated or incomplete.
#
#  Out of Memory Error (t:/workspace/open/src/hotspot/os/windows/os_windows.cpp:3221), pid=30448, tid=30528
#
# JRE version:  (10.0.2+13) (build )
# Java VM: Java HotSpot(TM) 64-Bit Server VM (10.0.2+13, mixed mode, aot, tiered, compressed oops, g1 gc, windows-amd64)
# No core dump will be written. Minidumps are not enabled by default on client versions of Windows
#

---------------  S U M M A R Y ------------

Command Line: -Dfile.encoding=GBK MainFrame

Host: Intel(R) Core(TM) i7-7700HQ CPU @ 2.80GHz, 8 cores, 7G,  Windows 10 , 64 bit Build 17134 (10.0.17134.753)
Time: Fri Jun 07 22:08:34 2019 ?D1®≤°¿®∫°¡?®∫°¿?? elapsed time: 0 seconds (0d 0h 0m 0s)

---------------  T H R E A D  ---------------

Current thread (0x0000023419825000):  JavaThread "Unknown thread" [_thread_in_vm, id=30528, stack(0x000000d2bed00000,0x000000d2bee00000)]

Stack: [0x000000d2bed00000,0x000000d2bee00000]
Native frames: (J=compiled Java code, j=interpreted, Vv=VM code, C=native code)
V  [jvm.dll+0x5a01a9]
V  [jvm.dll+0x6bcf31]
V  [jvm.dll+0x6be126]
V  [jvm.dll+0x6be7b3]
V  [jvm.dll+0x234978]
V  [jvm.dll+0x59dac4]
V  [jvm.dll+0x592825]
V  [jvm.dll+0x2f632b]
V  [jvm.dll+0x2f6295]
V  [jvm.dll+0x2f6172]
V  [jvm.dll+0x2f8366]
V  [jvm.dll+0x344293]
V  [jvm.dll+0x3449a6]
V  [jvm.dll+0x344393]
V  [jvm.dll+0x2c4628]
V  [jvm.dll+0x2c5771]
V  [jvm.dll+0x69d1db]
V  [jvm.dll+0x69e9fc]
V  [jvm.dll+0x3519e9]
V  [jvm.dll+0x6856a2]
V  [jvm.dll+0x3ba0c3]
V  [jvm.dll+0x3bc261]
C  [javaw.exe+0x3541]
C  [javaw.exe+0xe1cf]
C  [javaw.exe+0xe376]
C  [KERNEL32.DLL+0x14034]
C  [ntdll.dll+0x73691]


---------------  P R O C E S S  ---------------

Threads class SMR info:
_java_thread_list=0x00000234172f94b0, length=0, elements={
}

Java Threads: ( => current thread )

Other Threads:
  0x000002341983f000 GCTaskThread "GC Thread#0" [stack: 0x000000d2bee00000,0x000000d2bef00000] [id=30520]
  0x0000023419840800 GCTaskThread "GC Thread#1" [stack: 0x000000d2bef00000,0x000000d2bf000000] [id=30428]
  0x0000023419842800 GCTaskThread "GC Thread#2" [stack: 0x000000d2bf000000,0x000000d2bf100000] [id=30636]
  0x000002341984a800 GCTaskThread "GC Thread#3" [stack: 0x000000d2bf100000,0x000000d2bf200000] [id=30640]
  0x000002341984d800 GCTaskThread "GC Thread#4" [stack: 0x000000d2bf200000,0x000000d2bf300000] [id=30432]
  0x0000023419854000 GCTaskThread "GC Thread#5" [stack: 0x000000d2bf300000,0x000000d2bf400000] [id=30348]
  0x0000023419857000 GCTaskThread "GC Thread#6" [stack: 0x000000d2bf400000,0x000000d2bf500000] [id=24700]
  0x000002341985d800 GCTaskThread "GC Thread#7" [stack: 0x000000d2bf500000,0x000000d2bf600000] [id=30104]
  0x00000234198c8800 ConcurrentGCThread "G1 Main Marker" [stack: 0x000000d2bf600000,0x000000d2bf700000] [id=30076]
  0x00000234198c9800 ConcurrentGCThread "G1 Conc#0" [stack: 0x000000d2bf700000,0x000000d2bf800000] [id=28016]
  0x00000234198ca000 ConcurrentGCThread "G1 Conc#1" [stack: 0x000000d2bf800000,0x000000d2bf900000] [id=27744]

[error occurred during error reporting (printing all threads), id 0xe0000002]

VM state:not at safepoint (not fully initialized)

VM Mutex/Monitor currently owned by a thread:  ([mutex/lock_event])
[0x0000023419824890] Heap_lock - owner thread: 0x0000023419825000

Heap address: 0x0000000081c00000, size: 2020 MB, Compressed Oops mode: Non-zero based: 0x0000000081c00000
Narrow klass base: 0x0000000000000000, Narrow klass shift: 0

GC Heap History (0 events):
No events

Deoptimization events (0 events):
No events

Classes redefined (0 events):
No events

Internal exceptions (0 events):
No events

Events (0 events):
No events


Dynamic libraries:
0x00007ff6dd9b0000 - 0x00007ff6dd9ee000 	G:\java\bin\javaw.exe
0x00007ffb09250000 - 0x00007ffb09431000 	C:\WINDOWS\SYSTEM32\ntdll.dll
0x00007ffb07240000 - 0x00007ffb072f1000 	C:\WINDOWS\System32\KERNEL32.DLL
0x00007ffb06220000 - 0x00007ffb06493000 	C:\WINDOWS\System32\KERNELBASE.dll
0x00007ffb08fe0000 - 0x00007ffb09081000 	C:\WINDOWS\System32\ADVAPI32.dll
0x00007ffb07500000 - 0x00007ffb0759e000 	C:\WINDOWS\System32\msvcrt.dll
0x00007ffb066e0000 - 0x00007ffb0673b000 	C:\WINDOWS\System32\sechost.dll
0x00007ffb06db0000 - 0x00007ffb06ed4000 	C:\WINDOWS\System32\RPCRT4.dll
0x00007ffb08ac0000 - 0x00007ffb08c50000 	C:\WINDOWS\System32\USER32.dll
0x00007ffb05620000 - 0x00007ffb05640000 	C:\WINDOWS\System32\win32u.dll
0x00007ffb06c80000 - 0x00007ffb06ca8000 	C:\WINDOWS\System32\GDI32.dll
0x00007ffb064a0000 - 0x00007ffb06632000 	C:\WINDOWS\System32\gdi32full.dll
0x00007ffb06640000 - 0x00007ffb066df000 	C:\WINDOWS\System32\msvcp_win.dll
0x00007ffb05e80000 - 0x00007ffb05f78000 	C:\WINDOWS\System32\ucrtbase.dll
0x00007ffaee3a0000 - 0x00007ffaee609000 	C:\WINDOWS\WinSxS\amd64_microsoft.windows.common-controls_6595b64144ccf1df_6.0.17134.765_none_fb42a1a930655896\COMCTL32.dll
0x00007ffaff1d0000 - 0x00007ffaff1da000 	C:\WINDOWS\SYSTEM32\VERSION.dll
0x00007ffb08cb0000 - 0x00007ffb08fd2000 	C:\WINDOWS\System32\combase.dll
0x00007ffb05da0000 - 0x00007ffb05e1a000 	C:\WINDOWS\System32\bcryptPrimitives.dll
0x00007ffb091f0000 - 0x00007ffb0921d000 	C:\WINDOWS\System32\IMM32.DLL
0x00007ffaf12f0000 - 0x00007ffaf13df000 	G:\java\bin\msvcr120.dll
0x00007ffafb970000 - 0x00007ffafba16000 	G:\java\bin\msvcp120.dll
0x000000005b340000 - 0x000000005bdb0000 	G:\java\bin\server\jvm.dll
0x00007ffb07670000 - 0x00007ffb07678000 	C:\WINDOWS\System32\PSAPI.DLL
0x00007ffb00890000 - 0x00007ffb008b3000 	C:\WINDOWS\SYSTEM32\WINMM.dll
0x00007ffaee620000 - 0x00007ffaee629000 	C:\WINDOWS\SYSTEM32\WSOCK32.dll
0x00007ffb06ee0000 - 0x00007ffb06f4c000 	C:\WINDOWS\System32\WS2_32.dll
0x00007ffb00860000 - 0x00007ffb0088a000 	C:\WINDOWS\SYSTEM32\winmmbase.dll
0x00007ffb05d50000 - 0x00007ffb05d99000 	C:\WINDOWS\System32\cfgmgr32.dll
0x00007ffb016f0000 - 0x00007ffb016ff000 	G:\java\bin\verify.dll
0x00007ffb03f70000 - 0x00007ffb04139000 	C:\WINDOWS\SYSTEM32\DBGHELP.DLL
0x00007ffaeda90000 - 0x00007ffaedab9000 	C:\WINDOWS\SYSTEM32\dbgcore.DLL
0x00007ffb00b20000 - 0x00007ffb00b47000 	G:\java\bin\java.dll
0x00007ffb01250000 - 0x00007ffb01266000 	G:\java\bin\zip.dll
0x00007ffb00b10000 - 0x00007ffb00b1a000 	G:\java\bin\jimage.dll

dbghelp: loaded successfully - version: 4.0.5 - missing functions: none
symbol engine: initialized successfully - sym options: 0x614 - pdb path: .;G:\java\bin;C:\WINDOWS\SYSTEM32;C:\WINDOWS\WinSxS\amd64_microsoft.windows.common-controls_6595b64144ccf1df_6.0.17134.765_none_fb42a1a930655896;G:\java\bin\server

VM Arguments:
jvm_args: -Dfile.encoding=GBK 
java_command: MainFrame
java_class_path (initial): G:\Java1\Õº ÈΩË‘ƒπ‹¿ÌœµÕ≥\bin;C:\sqljdbc4\sqljdbc4.jar
Launcher Type: SUN_STANDARD

Logging:
Log output configuration:
#0: stdout all=warning uptime,level,tags
#1: stderr all=off uptime,level,tags

Environment Variables:
JAVA_HOME=G:\java
CLASSPATH=C:\sqljdbc4\sqljdbc4.jar
PATH=G:/java/bin/server;G:/java/bin;H:\Python\Scripts\;H:\Python\;G:\java\bin;C:\Program Files (x86)\Intel\iCLS Client\;C:\Program Files\Intel\iCLS Client\;C:\windows\system32;C:\windows;C:\windows\System32\Wbem;C:\windows\System32\WindowsPowerShell\v1.0\;C:\Program Files (x86)\Intel\Intel(R) Management Engine Components\DAL;C:\Program Files\Intel\Intel(R) Management Engine Components\DAL;C:\Program Files (x86)\Intel\Intel(R) Management Engine Components\IPT;C:\Program Files\Intel\Intel(R) Management Engine Components\IPT;C:\Program Files (x86)\NVIDIA Corporation\PhysX\Common;C:\Program Files\Microsoft SQL Server\130\Tools\Binn\;C:\WINDOWS\system32;C:\WINDOWS;C:\WINDOWS\System32\Wbem;C:\WINDOWS\System32\WindowsPowerShell\v1.0\;C:\WINDOWS\System32\OpenSSH\;C:\Program Files\Microsoft SQL Server\110\DTS\Binn\;C:\Program Files (x86)\Microsoft SQL Server\110\Tools\Binn\;C:\Program Files\Microsoft SQL Server\110\Tools\Binn\;C:\Program Files\NVIDIA Corporation\NVIDIA NvDLISR;C:\Program Files\Intel\WiFi\bin\;C:\Program Files\Common Files\Intel\WirelessCommon\;C:\ProgramData\chocolatey\bin;C:\Program Files\nodejs\;C:\Program Files\Microsoft SQL Server\120\DTS\Binn\;C:\Program Files\Microsoft SQL Server\Client SDK\ODBC\110\Tools\Binn\;C:\Program Files (x86)\Microsoft SQL Server\120\Tools\Binn\;C:\Program Files\Microsoft SQL Server\120\Tools\Binn\;C:\Program Files (x86)\Microsoft SQL Server\120\Tools\Binn\ManagementStudio\;C:\Program Files (x86)\Microsoft SQL Server\120\DTS\Binn\;F:\¡‘±™œ¬‘ÿ\Visual+C%2B%2B+6.0\VC6\Microsoft SDK\bin\winnt;F:\¡‘±™œ¬‘ÿ\Visual+C%2B%2B+6.0\VC6\Microsoft SDK\bin;F:\¡‘±™œ¬‘ÿ\Visual+C%2B%2B+6.0\VC6\Common\Tools\WinNT;F:\¡‘±™œ¬‘ÿ\Visual+C%2B%2B+6.0\VC6\Common\MSDev98\Bin;F:\¡‘±™œ¬‘ÿ\Visual+C%2B%2B+6.0\VC6\Common\Tools;F:\¡‘±™œ¬‘ÿ\Visual+C%2B%2B+6.0\VC6\VC98\bin;C:\Users\HP\AppData\Local\Microsoft\WindowsApps;C:\Program Files\nodejs\node_global;C:\Program Files\nodejs\node_global;;C:\WINDOWS\System32;
USERNAME=HP
OS=Windows_NT
PROCESSOR_IDENTIFIER=Intel64 Family 6 Model 158 Stepping 9, GenuineIntel



---------------  S Y S T E M  ---------------

OS: Windows 10 , 64 bit Build 17134 (10.0.17134.753)

CPU:total 8 (initial active 8) (4 cores per cpu, 2 threads per core) family 6 model 158 stepping 9, cmov, cx8, fxsr, mmx, sse, sse2, sse3, ssse3, sse4.1, sse4.2, popcnt, avx, avx2, aes, clmul, erms, 3dnowpref, lzcnt, ht, tsc, tscinvbit, bmi1, bmi2, adx, fma

Memory: 4k page, physical 8271080k(101964k free), swap 23738724k(46492k free)

vm_info: Java HotSpot(TM) 64-Bit Server VM (10.0.2+13) for windows-amd64 JRE (10.0.2+13), built on Jun 28 2018 01:57:56 by "mach5one" with MS VC++ 12.0 (VS2013)

END.
